#
# A fatal error has been detected by the Java Runtime Environment:
#
#  EXCEPTION_ACCESS_VIOLATION (0xc0000005) at pc=0x000000e7bc8faef0, pid=7616, tid=14244
#
# JRE version: OpenJDK Runtime Environment (11.0.10) (build 11.0.10+0-b96-7249189)
# Java VM: OpenJDK 64-Bit Server VM (11.0.10+0-b96-7249189, mixed mode, tiered, compressed oops, g1 gc, windows-amd64)
# Problematic frame:
# C  0x000000e7bc8faef0
#
# No core dump will be written. Minidumps are not enabled by default on client versions of Windows
#
# If you would like to submit a bug report, please visit:
#   https://bugreport.java.com/bugreport/crash.jsp
#

---------------  S U M M A R Y ------------

Command Line: --add-opens=java.base/java.util=ALL-UNNAMED --add-opens=java.base/java.lang=ALL-UNNAMED --add-opens=java.base/java.lang.invoke=ALL-UNNAMED --add-opens=java.base/java.util=ALL-UNNAMED --add-opens=java.prefs/java.util.prefs=ALL-UNNAMED --add-opens=java.prefs/java.util.prefs=ALL-UNNAMED --add-opens=java.base/java.nio.charset=ALL-UNNAMED --add-opens=java.base/java.net=ALL-UNNAMED --add-opens=java.base/java.util.concurrent.atomic=ALL-UNNAMED -Xmx2048m -Dfile.encoding=UTF-8 -Duser.country=FR -Duser.language=fr -Duser.variant org.gradle.launcher.daemon.bootstrap.GradleDaemon 7.0.2

Host: Intel(R) Celeron(R) J4125 CPU @ 2.00GHz, 4 cores, 11G,  Windows 10 , 64 bit Build 19041 (10.0.19041.1466)
Time: Fri Jan 28 09:30:55 2022 Paris, Madrid elapsed time: 557.114246 seconds (0d 0h 9m 17s)

---------------  T H R E A D  ---------------

Current thread (0x000002407003d000):  JavaThread "C2 CompilerThread0" daemon [_thread_in_native, id=14244, stack(0x000000e7bc800000,0x000000e7bc900000)]


Current CompileTask:
C2: 557114 20677       4       com.android.utils.PositionXmlParser::getPositionHelper (854 bytes)

Stack: [0x000000e7bc800000,0x000000e7bc900000],  sp=0x000000e7bc8fadc8,  free space=1003k
Native frames: (J=compiled Java code, j=interpreted, Vv=VM code, C=native code)
C  0x000000e7bc8faef0


siginfo: EXCEPTION_ACCESS_VIOLATION (0xc0000005), data execution prevention violation at address 0x000000e7bc8faef0


Register to memory mapping:

RIP=0x000000e7bc8faef0 is pointing into the stack for thread: 0x000002407003d000
RAX=0x000002407a470440 points into unknown readable memory: 0x0000000000000000 | 00 00 00 00 00 00 00 00
RBX=0x00007ffcca566e28 jvm.dll
RCX=0x0000000000001558 is an unknown value
RDX=0x000002407a4704d0 points into unknown readable memory: 0x0000024077cff590 | 90 f5 cf 77 40 02 00 00
RSP=0x000000e7bc8fadc8 is pointing into the stack for thread: 0x000002407003d000
RBP=0x0000000000000005 is an unknown value
RSI=0x0000000000000ca8 is an unknown value
RDI=0x0000000000000001 is an unknown value
R8 =0x0000000000000087 is an unknown value
R9 =0x000000e7bc8fb2c0 is pointing into the stack for thread: 0x000002407003d000
R10=0xfefefefefefefeff is an unknown value
R11=0x8080808080808080 is an unknown value
R12=0x000000e7bc8fae88 is pointing into the stack for thread: 0x000002407003d000
R13=0x000000e7bc8fae60 is pointing into the stack for thread: 0x000002407003d000
R14=0x0000024077571010 points into unknown readable memory: 0x00007ffcca83ddc8 | c8 dd 83 ca fc 7f 00 00
R15=0x00000240711f4af8 points into unknown readable memory: 0x00007ffcca8b9d78 | 78 9d 8b ca fc 7f 00 00


Registers:
RAX=0x000002407a470440, RBX=0x00007ffcca566e28, RCX=0x0000000000001558, RDX=0x000002407a4704d0
RSP=0x000000e7bc8fadc8, RBP=0x0000000000000005, RSI=0x0000000000000ca8, RDI=0x0000000000000001
R8 =0x0000000000000087, R9 =0x000000e7bc8fb2c0, R10=0xfefefefefefefeff, R11=0x8080808080808080
R12=0x000000e7bc8fae88, R13=0x000000e7bc8fae60, R14=0x0000024077571010, R15=0x00000240711f4af8
RIP=0x000000e7bc8faef0, EFLAGS=0x0000000000010212

Top of Stack: (sp=0x000000e7bc8fadc8)
0x000000e7bc8fadc8:   00007ffcca566e28 00000240711f3708
0x000000e7bc8fadd8:   0000000000000005 0000000000000ca7
0x000000e7bc8fade8:   000000e7bc8fae88 000000e7bc8fbc98
0x000000e7bc8fadf8:   00007ffcca62c470 000002406f7dca80
0x000000e7bc8fae08:   0000000000000004 0000024073caea40
0x000000e7bc8fae18:   000000e7bc8faf40 0000000000000000
0x000000e7bc8fae28:   0000000000000002 000000e7bc8fb2c0
0x000000e7bc8fae38:   00007ffcca566347 000000e7bc8fb2c0
0x000000e7bc8fae48:   0000000000000001 0000000000000001
0x000000e7bc8fae58:   000000e7bc8faef0 000002406f7dca80
0x000000e7bc8fae68:   0000000000001000 000002407610c2a0
0x000000e7bc8fae78:   0000000000000ca9 0000024000000004
0x000000e7bc8fae88:   00007ffcca8cde48 000002406f7dca80
0x000000e7bc8fae98:   0000000000000200 0000024072c792f0
0x000000e7bc8faea8:   000002406f7dca80 0000024075469390
0x000000e7bc8faeb8:   000000000032fc58 00000240754693e0 

Instructions: (pc=0x000000e7bc8faef0)
0x000000e7bc8fadf0:   98 bc 8f bc e7 00 00 00 70 c4 62 ca fc 7f 00 00
0x000000e7bc8fae00:   80 ca 7d 6f 40 02 00 00 04 00 00 00 00 00 00 00
0x000000e7bc8fae10:   40 ea ca 73 40 02 00 00 40 af 8f bc e7 00 00 00
0x000000e7bc8fae20:   00 00 00 00 00 00 00 00 02 00 00 00 00 00 00 00
0x000000e7bc8fae30:   c0 b2 8f bc e7 00 00 00 47 63 56 ca fc 7f 00 00
0x000000e7bc8fae40:   c0 b2 8f bc e7 00 00 00 01 00 00 00 00 00 00 00
0x000000e7bc8fae50:   01 00 00 00 00 00 00 00 f0 ae 8f bc e7 00 00 00
0x000000e7bc8fae60:   80 ca 7d 6f 40 02 00 00 00 10 00 00 00 00 00 00
0x000000e7bc8fae70:   a0 c2 10 76 40 02 00 00 a9 0c 00 00 00 00 00 00
0x000000e7bc8fae80:   04 00 00 00 40 02 00 00 48 de 8c ca fc 7f 00 00
0x000000e7bc8fae90:   80 ca 7d 6f 40 02 00 00 00 02 00 00 00 00 00 00
0x000000e7bc8faea0:   f0 92 c7 72 40 02 00 00 80 ca 7d 6f 40 02 00 00
0x000000e7bc8faeb0:   90 93 46 75 40 02 00 00 58 fc 32 00 00 00 00 00
0x000000e7bc8faec0:   e0 93 46 75 40 02 00 00 78 13 47 75 40 02 00 00
0x000000e7bc8faed0:   80 ca 7d 6f 40 02 00 00 04 00 00 00 00 00 00 00
0x000000e7bc8faee0:   a0 a3 c9 77 40 02 00 00 00 00 00 00 00 00 00 00
0x000000e7bc8faef0:   30 63 8b 73 40 02 00 00 70 4b 8c 73 40 02 00 00
0x000000e7bc8faf00:   10 63 8b 73 40 02 00 00 80 ca 7d 6f 40 02 00 00
0x000000e7bc8faf10:   00 00 00 00 00 00 00 00 00 00 00 00 00 00 00 00
0x000000e7bc8faf20:   20 00 02 00 00 00 00 00 10 00 02 00 00 00 00 00
0x000000e7bc8faf30:   01 00 00 00 00 00 00 00 00 00 a1 53 40 02 00 00
0x000000e7bc8faf40:   02 20 00 00 00 00 00 00 4d b4 1d 19 fd 7f 00 00
0x000000e7bc8faf50:   00 00 a1 53 40 02 00 00 02 00 00 00 40 02 00 00
0x000000e7bc8faf60:   10 00 02 00 00 00 00 00 00 00 00 00 00 00 00 00
0x000000e7bc8faf70:   00 00 00 00 00 00 00 00 84 af 8f bc e7 00 00 00
0x000000e7bc8faf80:   80 e9 32 7a 03 00 00 00 00 00 00 00 08 00 00 00
0x000000e7bc8faf90:   48 eb 8f bc e7 00 00 00 14 00 00 00 40 02 00 00
0x000000e7bc8fafa0:   80 e4 32 7a 40 02 00 00 00 00 00 00 00 00 00 00
0x000000e7bc8fafb0:   48 eb 8f bc e7 00 00 00 14 00 00 00 00 00 00 00
0x000000e7bc8fafc0:   c0 e4 32 7a 40 02 00 00 01 00 00 00 08 00 00 00
0x000000e7bc8fafd0:   48 eb 8f bc e7 00 00 00 14 00 00 00 00 00 00 00
0x000000e7bc8fafe0:   00 e5 32 7a 40 02 00 00 01 00 00 00 08 00 00 00 


Stack slot to memory mapping:
stack at sp + 0 slots: 0x00007ffcca566e28 jvm.dll
stack at sp + 1 slots: 0x00000240711f3708 points into unknown readable memory: 0x00007ffcca8baa10 | 10 aa 8b ca fc 7f 00 00
stack at sp + 2 slots: 0x0000000000000005 is an unknown value
stack at sp + 3 slots: 0x0000000000000ca7 is an unknown value
stack at sp + 4 slots: 0x000000e7bc8fae88 is pointing into the stack for thread: 0x000002407003d000
stack at sp + 5 slots: 0x000000e7bc8fbc98 is pointing into the stack for thread: 0x000002407003d000
stack at sp + 6 slots: 0x00007ffcca62c470 jvm.dll
stack at sp + 7 slots: 0x000002406f7dca80 points into unknown readable memory: 0x2800010000000006 | 06 00 00 00 00 01 00 28


---------------  P R O C E S S  ---------------

Threads class SMR info:
_java_thread_list=0x000002407add61d0, length=58, elements={
0x0000024053c70000, 0x000002406f7df000, 0x000002406f7e2800, 0x0000024070038800,
0x0000024070039800, 0x000002407003a800, 0x000002407003d000, 0x000002407003e000,
0x00000240700a4800, 0x000002407019c000, 0x0000024072419000, 0x0000024070f37800,
0x0000024070816000, 0x0000024071314800, 0x0000024071315800, 0x0000024071311000,
0x0000024071317000, 0x0000024071313000, 0x0000024072b5c800, 0x0000024072b5e800,
0x0000024072b59800, 0x0000024072b5b000, 0x0000024072b5a000, 0x0000024072b64000,
0x0000024072b62800, 0x0000024077876800, 0x0000024077879000, 0x0000024077877800,
0x000002407787c800, 0x0000024073b5b000, 0x0000024073b5a000, 0x000002407a49a000,
0x000002407a498000, 0x000002407a496000, 0x000002407a495800, 0x000002407a497000,
0x000002407a49e800, 0x000002407a49f000, 0x000002407a49c000, 0x000002407a49b000,
0x000002407a49c800, 0x000002407a499800, 0x000002407a49d800, 0x000002407a4a0000,
0x000002407a4a4000, 0x000002407a4a1800, 0x000002407a4a0800, 0x000002407a4a3000,
0x000002407a4a2800, 0x0000024077874000, 0x0000024077872800, 0x0000024077871800,
0x0000024077873800, 0x0000024077875000, 0x000002407786f000, 0x0000024077876000,
0x0000024077870000, 0x000002407787d000
}

Java Threads: ( => current thread )
  0x0000024053c70000 JavaThread "main" [_thread_blocked, id=17252, stack(0x000000e7bbc00000,0x000000e7bbd00000)]
  0x000002406f7df000 JavaThread "Reference Handler" daemon [_thread_blocked, id=4428, stack(0x000000e7bc300000,0x000000e7bc400000)]
  0x000002406f7e2800 JavaThread "Finalizer" daemon [_thread_blocked, id=18316, stack(0x000000e7bc400000,0x000000e7bc500000)]
  0x0000024070038800 JavaThread "Signal Dispatcher" daemon [_thread_blocked, id=836, stack(0x000000e7bc500000,0x000000e7bc600000)]
  0x0000024070039800 JavaThread "Attach Listener" daemon [_thread_blocked, id=17308, stack(0x000000e7bc600000,0x000000e7bc700000)]
  0x000002407003a800 JavaThread "Service Thread" daemon [_thread_blocked, id=14532, stack(0x000000e7bc700000,0x000000e7bc800000)]
=>0x000002407003d000 JavaThread "C2 CompilerThread0" daemon [_thread_in_native, id=14244, stack(0x000000e7bc800000,0x000000e7bc900000)]
  0x000002407003e000 JavaThread "C1 CompilerThread0" daemon [_thread_blocked, id=18768, stack(0x000000e7bc900000,0x000000e7bca00000)]
  0x00000240700a4800 JavaThread "Sweeper thread" daemon [_thread_blocked, id=14672, stack(0x000000e7bca00000,0x000000e7bcb00000)]
  0x000002407019c000 JavaThread "Common-Cleaner" daemon [_thread_blocked, id=17960, stack(0x000000e7bcb00000,0x000000e7bcc00000)]
  0x0000024072419000 JavaThread "Daemon health stats" [_thread_blocked, id=5352, stack(0x000000e7bd100000,0x000000e7bd200000)]
  0x0000024070f37800 JavaThread "Incoming local TCP Connector on port 23408" [_thread_in_native, id=17340, stack(0x000000e7bcd00000,0x000000e7bce00000)]
  0x0000024070816000 JavaThread "Daemon periodic checks" [_thread_blocked, id=18980, stack(0x000000e7bd200000,0x000000e7bd300000)]
  0x0000024071314800 JavaThread "Cache worker for file hash cache (C:\Users\Daoudou\.gradle\caches\7.0.2\fileHashes)" [_thread_blocked, id=17540, stack(0x000000e7bda00000,0x000000e7bdb00000)]
  0x0000024071315800 JavaThread "File lock request listener" [_thread_in_native, id=1528, stack(0x000000e7bdb00000,0x000000e7bdc00000)]
  0x0000024071311000 JavaThread "Cache worker for journal cache (C:\Users\Daoudou\.gradle\caches\journal-1)" [_thread_blocked, id=4200, stack(0x000000e7bdc00000,0x000000e7bdd00000)]
  0x0000024071317000 JavaThread "File watcher server" daemon [_thread_in_native, id=10988, stack(0x000000e7bdf00000,0x000000e7be000000)]
  0x0000024071313000 JavaThread "File watcher consumer" daemon [_thread_blocked, id=7396, stack(0x000000e7be000000,0x000000e7be100000)]
  0x0000024072b5c800 JavaThread "Cache worker for execution history cache (C:\Users\Daoudou\.gradle\caches\7.0.2\executionHistory)" [_thread_blocked, id=8608, stack(0x000000e7be400000,0x000000e7be500000)]
  0x0000024072b5e800 JavaThread "jar transforms" [_thread_blocked, id=8748, stack(0x000000e7be500000,0x000000e7be600000)]
  0x0000024072b59800 JavaThread "jar transforms Thread 2" [_thread_blocked, id=17156, stack(0x000000e7be600000,0x000000e7be700000)]
  0x0000024072b5b000 JavaThread "Cache worker for file content cache (C:\Users\Daoudou\.gradle\caches\7.0.2\fileContent)" [_thread_blocked, id=6292, stack(0x000000e7be700000,0x000000e7be800000)]
  0x0000024072b5a000 JavaThread "jar transforms Thread 3" [_thread_blocked, id=3352, stack(0x000000e7be900000,0x000000e7bea00000)]
  0x0000024072b64000 JavaThread "jar transforms Thread 4" [_thread_blocked, id=7188, stack(0x000000e7bee00000,0x000000e7bef00000)]
  0x0000024072b62800 JavaThread "Memory manager" [_thread_blocked, id=10148, stack(0x000000e7bf200000,0x000000e7bf300000)]
  0x0000024077876800 JavaThread "RMI Scheduler(0)" daemon [_thread_blocked, id=5840, stack(0x000000e7bba00000,0x000000e7bbb00000)]
  0x0000024077879000 JavaThread "RMI GC Daemon" daemon [_thread_blocked, id=14904, stack(0x000000e7bfc00000,0x000000e7bfd00000)]
  0x0000024077877800 JavaThread "RMI TCP Accept-0" daemon [_thread_in_native, id=18240, stack(0x000000e7bfe00000,0x000000e7bff00000)]
  0x000002407787c800 JavaThread "RMI Reaper" [_thread_blocked, id=7564, stack(0x000000e7bff00000,0x000000e7c0000000)]
  0x0000024073b5b000 JavaThread "Cache worker for Java compile cache (C:\Users\Daoudou\.gradle\caches\7.0.2\javaCompile)" [_thread_blocked, id=2628, stack(0x000000e7c0300000,0x000000e7c0400000)]
  0x0000024073b5a000 JavaThread "ForkJoinPool.commonPool-worker-7" daemon [_thread_blocked, id=8216, stack(0x000000e7c0600000,0x000000e7c0700000)]
  0x000002407a49a000 JavaThread "Daemon Thread 3" [_thread_blocked, id=13352, stack(0x000000e7bb900000,0x000000e7bba00000)]
  0x000002407a498000 JavaThread "Handler for socket connection from /127.0.0.1:23408 to /127.0.0.1:23693" [_thread_in_native, id=13460, stack(0x000000e7bbb00000,0x000000e7bbc00000)]
  0x000002407a496000 JavaThread "Cancel handler" [_thread_blocked, id=9520, stack(0x000000e7bd300000,0x000000e7bd400000)]
  0x000002407a495800 JavaThread "Daemon worker Thread 3" [_thread_blocked, id=17864, stack(0x000000e7bd400000,0x000000e7bd500000)]
  0x000002407a497000 JavaThread "Asynchronous log dispatcher for DefaultDaemonConnection: socket connection from /127.0.0.1:23408 to /127.0.0.1:23693" [_thread_blocked, id=10180, stack(0x000000e7bd500000,0x000000e7bd600000)]
  0x000002407a49e800 JavaThread "Stdin handler" [_thread_blocked, id=13164, stack(0x000000e7bd600000,0x000000e7bd700000)]
  0x000002407a49f000 JavaThread "Daemon client event forwarder" [_thread_blocked, id=8988, stack(0x000000e7bd700000,0x000000e7bd800000)]
  0x000002407a49c000 JavaThread "Cache worker for file hash cache (C:\Users\Daoudou\Desktop\Esimed\Kotlin\RE\.gradle\7.0.2\fileHashes)" [_thread_blocked, id=7728, stack(0x000000e7bd800000,0x000000e7bd900000)]
  0x000002407a49b000 JavaThread "Cache worker for checksums cache (C:\Users\Daoudou\Desktop\Esimed\Kotlin\RE\.gradle\checksums)" [_thread_blocked, id=2464, stack(0x000000e7bd900000,0x000000e7bda00000)]
  0x000002407a49c800 JavaThread "Cache worker for cache directory md-supplier (C:\Users\Daoudou\.gradle\caches\7.0.2\md-supplier)" [_thread_blocked, id=2860, stack(0x000000e7bdd00000,0x000000e7bde00000)]
  0x000002407a499800 JavaThread "Cache worker for cache directory md-rule (C:\Users\Daoudou\.gradle\caches\7.0.2\md-rule)" [_thread_blocked, id=10080, stack(0x000000e7bde00000,0x000000e7bdf00000)]
  0x000002407a49d800 JavaThread "Cache worker for dependencies-accessors (C:\Users\Daoudou\Desktop\Esimed\Kotlin\RE\.gradle\7.0.2\dependencies-accessors)" [_thread_blocked, id=5708, stack(0x000000e7be100000,0x000000e7be200000)]
  0x000002407a4a0000 JavaThread "Cache worker for Build Output Cleanup Cache (C:\Users\Daoudou\Desktop\Esimed\Kotlin\RE\.gradle\buildOutputCleanup)" [_thread_blocked, id=10984, stack(0x000000e7be200000,0x000000e7be300000)]
  0x000002407a4a4000 JavaThread "Build operations" [_thread_blocked, id=15532, stack(0x000000e7be300000,0x000000e7be400000)]
  0x000002407a4a1800 JavaThread "Build operations Thread 2" [_thread_blocked, id=8772, stack(0x000000e7be800000,0x000000e7be900000)]
  0x000002407a4a0800 JavaThread "Build operations Thread 3" [_thread_blocked, id=16368, stack(0x000000e7bea00000,0x000000e7beb00000)]
  0x000002407a4a3000 JavaThread "Build operations Thread 4" [_thread_blocked, id=4312, stack(0x000000e7beb00000,0x000000e7bec00000)]
  0x000002407a4a2800 JavaThread "C2 CompilerThread1" daemon [_thread_in_native, id=10728, stack(0x000000e7bec00000,0x000000e7bed00000)]
  0x0000024077874000 JavaThread "build event listener" [_thread_blocked, id=15352, stack(0x000000e7bed00000,0x000000e7bee00000)]
  0x0000024077872800 JavaThread "build event listener" [_thread_blocked, id=11868, stack(0x000000e7bef00000,0x000000e7bf000000)]
  0x0000024077871800 JavaThread "Execution worker for ':'" [_thread_in_Java, id=17416, stack(0x000000e7bf000000,0x000000e7bf100000)]
  0x0000024077873800 JavaThread "Execution worker for ':' Thread 2" [_thread_blocked, id=15792, stack(0x000000e7bf100000,0x000000e7bf200000)]
  0x0000024077875000 JavaThread "Execution worker for ':' Thread 3" [_thread_blocked, id=6992, stack(0x000000e7bf300000,0x000000e7bf400000)]
  0x000002407786f000 JavaThread "Cache worker for execution history cache (C:\Users\Daoudou\Desktop\Esimed\Kotlin\RE\.gradle\7.0.2\executionHistory)" [_thread_blocked, id=8200, stack(0x000000e7bf400000,0x000000e7bf500000)]
  0x0000024077876000 JavaThread "WorkerExecutor Queue" [_thread_blocked, id=13716, stack(0x000000e7bf500000,0x000000e7bf600000)]
  0x0000024077870000 JavaThread "WorkerExecutor Queue Thread 2" [_thread_blocked, id=15044, stack(0x000000e7bf600000,0x000000e7bf700000)]
  0x000002407787d000 JavaThread "WorkerExecutor Queue Thread 3" [_thread_blocked, id=16068, stack(0x000000e7bf700000,0x000000e7bf800000)]

Other Threads:
  0x000002406f7ca800 VMThread "VM Thread" [stack: 0x000000e7bc200000,0x000000e7bc300000] [id=6052]
  0x00000240701d5000 WatcherThread [stack: 0x000000e7bcc00000,0x000000e7bcd00000] [id=10188]
  0x0000024053c87800 GCTaskThread "GC Thread#0" [stack: 0x000000e7bbd00000,0x000000e7bbe00000] [id=18668]
  0x0000024070659000 GCTaskThread "GC Thread#1" [stack: 0x000000e7bce00000,0x000000e7bcf00000] [id=5612]
  0x000002407065a000 GCTaskThread "GC Thread#2" [stack: 0x000000e7bcf00000,0x000000e7bd000000] [id=10860]
  0x000002407065a800 GCTaskThread "GC Thread#3" [stack: 0x000000e7bd000000,0x000000e7bd100000] [id=17160]
  0x0000024053cba000 ConcurrentGCThread "G1 Main Marker" [stack: 0x000000e7bbe00000,0x000000e7bbf00000] [id=8976]
  0x0000024053cbb000 ConcurrentGCThread "G1 Conc#0" [stack: 0x000000e7bbf00000,0x000000e7bc000000] [id=3868]
  0x0000024053d4e000 ConcurrentGCThread "G1 Refine#0" [stack: 0x000000e7bc000000,0x000000e7bc100000] [id=6396]
  0x000002406f61c800 ConcurrentGCThread "G1 Young RemSet Sampling" [stack: 0x000000e7bc100000,0x000000e7bc200000] [id=7608]

Threads with active compile tasks:
C2 CompilerThread0 557184 20677       4       com.android.utils.PositionXmlParser::getPositionHelper (854 bytes)
C2 CompilerThread1 557184 20756       4       org.gradle.internal.component.external.model.DefaultModuleComponentSelector::newSelector (90 bytes)

VM state:not at safepoint (normal execution)

VM Mutex/Monitor currently owned by a thread: None

Heap address: 0x0000000080000000, size: 2048 MB, Compressed Oops mode: 32-bit
Narrow klass base: 0x0000000000000000, Narrow klass shift: 3
Compressed class space size: 1073741824 Address: 0x0000000100000000

Heap:
 garbage-first heap   total 194560K, used 160179K [0x0000000080000000, 0x0000000100000000)
  region size 1024K, 22 young (22528K), 5 survivors (5120K)
 Metaspace       used 126388K, capacity 129750K, committed 129920K, reserved 1161216K
  class space    used 15846K, capacity 17155K, committed 17280K, reserved 1048576K
Heap Regions: E=young(eden), S=young(survivor), O=old, HS=humongous(starts), HC=humongous(continues), CS=collection set, F=free, A=archive, TAMS=top-at-mark-start (previous, next)
|   0|0x0000000080000000, 0x0000000080100000, 0x0000000080100000|100%| O|  |TAMS 0x0000000080100000, 0x0000000080000000| Untracked 
|   1|0x0000000080100000, 0x0000000080200000, 0x0000000080200000|100%| O|  |TAMS 0x0000000080200000, 0x0000000080100000| Untracked 
|   2|0x0000000080200000, 0x0000000080300000, 0x0000000080300000|100%| O|  |TAMS 0x0000000080300000, 0x0000000080200000| Untracked 
|   3|0x0000000080300000, 0x0000000080400000, 0x0000000080400000|100%|HS|  |TAMS 0x0000000080400000, 0x0000000080300000| Complete 
|   4|0x0000000080400000, 0x0000000080500000, 0x0000000080500000|100%|HC|  |TAMS 0x0000000080500000, 0x0000000080400000| Complete 
|   5|0x0000000080500000, 0x0000000080600000, 0x0000000080600000|100%|HC|  |TAMS 0x0000000080600000, 0x0000000080500000| Complete 
|   6|0x0000000080600000, 0x0000000080700000, 0x0000000080700000|100%| O|  |TAMS 0x0000000080700000, 0x0000000080600000| Complete 
|   7|0x0000000080700000, 0x0000000080800000, 0x0000000080800000|100%| O|  |TAMS 0x0000000080800000, 0x0000000080700000| Complete 
|   8|0x0000000080800000, 0x0000000080900000, 0x0000000080900000|100%| O|  |TAMS 0x0000000080900000, 0x0000000080800000| Untracked 
|   9|0x0000000080900000, 0x0000000080a00000, 0x0000000080a00000|100%| O|  |TAMS 0x0000000080a00000, 0x0000000080900000| Untracked 
|  10|0x0000000080a00000, 0x0000000080b00000, 0x0000000080b00000|100%| O|  |TAMS 0x0000000080b00000, 0x0000000080a00000| Untracked 
|  11|0x0000000080b00000, 0x0000000080c00000, 0x0000000080c00000|100%| O|  |TAMS 0x0000000080c00000, 0x0000000080b00000| Complete 
|  12|0x0000000080c00000, 0x0000000080d00000, 0x0000000080d00000|100%| O|  |TAMS 0x0000000080d00000, 0x0000000080c00000| Untracked 
|  13|0x0000000080d00000, 0x0000000080e00000, 0x0000000080e00000|100%| O|  |TAMS 0x0000000080e00000, 0x0000000080d00000| Untracked 
|  14|0x0000000080e00000, 0x0000000080f00000, 0x0000000080f00000|100%| O|  |TAMS 0x0000000080f00000, 0x0000000080e00000| Untracked 
|  15|0x0000000080f00000, 0x0000000081000000, 0x0000000081000000|100%| O|  |TAMS 0x0000000081000000, 0x0000000080f00000| Complete 
|  16|0x0000000081000000, 0x0000000081100000, 0x0000000081100000|100%| O|  |TAMS 0x0000000081100000, 0x0000000081000000| Untracked 
|  17|0x0000000081100000, 0x0000000081200000, 0x0000000081200000|100%| O|  |TAMS 0x0000000081200000, 0x0000000081100000| Untracked 
|  18|0x0000000081200000, 0x0000000081300000, 0x0000000081300000|100%|HS|  |TAMS 0x0000000081300000, 0x0000000081200000| Complete 
|  19|0x0000000081300000, 0x0000000081400000, 0x0000000081400000|100%|HS|  |TAMS 0x0000000081400000, 0x0000000081300000| Complete 
|  20|0x0000000081400000, 0x0000000081500000, 0x0000000081500000|100%| O|  |TAMS 0x0000000081500000, 0x0000000081400000| Complete 
|  21|0x0000000081500000, 0x0000000081600000, 0x0000000081600000|100%| O|  |TAMS 0x0000000081600000, 0x0000000081500000| Complete 
|  22|0x0000000081600000, 0x0000000081700000, 0x0000000081700000|100%|HS|  |TAMS 0x0000000081700000, 0x0000000081600000| Complete 
|  23|0x0000000081700000, 0x0000000081800000, 0x0000000081800000|100%|HS|  |TAMS 0x0000000081800000, 0x0000000081700000| Complete 
|  24|0x0000000081800000, 0x0000000081900000, 0x0000000081900000|100%|HC|  |TAMS 0x0000000081900000, 0x0000000081800000| Complete 
|  25|0x0000000081900000, 0x0000000081a00000, 0x0000000081a00000|100%|HC|  |TAMS 0x0000000081a00000, 0x0000000081900000| Complete 
|  26|0x0000000081a00000, 0x0000000081b00000, 0x0000000081b00000|100%| O|  |TAMS 0x0000000081b00000, 0x0000000081a00000| Untracked 
|  27|0x0000000081b00000, 0x0000000081c00000, 0x0000000081c00000|100%| O|  |TAMS 0x0000000081c00000, 0x0000000081b00000| Untracked 
|  28|0x0000000081c00000, 0x0000000081d00000, 0x0000000081d00000|100%| O|  |TAMS 0x0000000081d00000, 0x0000000081c00000| Untracked 
|  29|0x0000000081d00000, 0x0000000081e00000, 0x0000000081e00000|100%| O|  |TAMS 0x0000000081e00000, 0x0000000081d00000| Complete 
|  30|0x0000000081e00000, 0x0000000081f00000, 0x0000000081f00000|100%|HS|  |TAMS 0x0000000081f00000, 0x0000000081e00000| Complete 
|  31|0x0000000081f00000, 0x0000000082000000, 0x0000000082000000|100%|HC|  |TAMS 0x0000000082000000, 0x0000000081f00000| Complete 
|  32|0x0000000082000000, 0x0000000082100000, 0x0000000082100000|100%| O|  |TAMS 0x0000000082100000, 0x0000000082000000| Untracked 
|  33|0x0000000082100000, 0x0000000082200000, 0x0000000082200000|100%| O|  |TAMS 0x0000000082200000, 0x0000000082100000| Untracked 
|  34|0x0000000082200000, 0x0000000082300000, 0x0000000082300000|100%| O|  |TAMS 0x0000000082300000, 0x0000000082200000| Untracked 
|  35|0x0000000082300000, 0x0000000082400000, 0x0000000082400000|100%| O|  |TAMS 0x0000000082400000, 0x0000000082300000| Untracked 
|  36|0x0000000082400000, 0x0000000082500000, 0x0000000082500000|100%| O|  |TAMS 0x0000000082500000, 0x0000000082400000| Untracked 
|  37|0x0000000082500000, 0x0000000082600000, 0x0000000082600000|100%| O|  |TAMS 0x0000000082600000, 0x0000000082500000| Untracked 
|  38|0x0000000082600000, 0x0000000082700000, 0x0000000082700000|100%| O|  |TAMS 0x0000000082700000, 0x0000000082600000| Untracked 
|  39|0x0000000082700000, 0x0000000082800000, 0x0000000082800000|100%| O|  |TAMS 0x0000000082800000, 0x0000000082700000| Untracked 
|  40|0x0000000082800000, 0x0000000082900000, 0x0000000082900000|100%| O|  |TAMS 0x0000000082900000, 0x0000000082800000| Untracked 
|  41|0x0000000082900000, 0x0000000082a00000, 0x0000000082a00000|100%| O|  |TAMS 0x0000000082a00000, 0x0000000082900000| Untracked 
|  42|0x0000000082a00000, 0x0000000082b00000, 0x0000000082b00000|100%| O|  |TAMS 0x0000000082b00000, 0x0000000082a00000| Complete 
|  43|0x0000000082b00000, 0x0000000082c00000, 0x0000000082c00000|100%| O|  |TAMS 0x0000000082c00000, 0x0000000082b00000| Untracked 
|  44|0x0000000082c00000, 0x0000000082d00000, 0x0000000082d00000|100%| O|  |TAMS 0x0000000082d00000, 0x0000000082c00000| Untracked 
|  45|0x0000000082d00000, 0x0000000082e00000, 0x0000000082e00000|100%| O|  |TAMS 0x0000000082e00000, 0x0000000082d00000| Untracked 
|  46|0x0000000082e00000, 0x0000000082f00000, 0x0000000082f00000|100%| O|  |TAMS 0x0000000082f00000, 0x0000000082e00000| Complete 
|  47|0x0000000082f00000, 0x0000000083000000, 0x0000000083000000|100%| O|  |TAMS 0x0000000083000000, 0x0000000082f00000| Untracked 
|  48|0x0000000083000000, 0x0000000083100000, 0x0000000083100000|100%| O|  |TAMS 0x0000000083100000, 0x0000000083000000| Untracked 
|  49|0x0000000083100000, 0x0000000083200000, 0x0000000083200000|100%| O|  |TAMS 0x0000000083200000, 0x0000000083100000| Complete 
|  50|0x0000000083200000, 0x0000000083300000, 0x0000000083300000|100%| O|  |TAMS 0x0000000083300000, 0x0000000083200000| Complete 
|  51|0x0000000083300000, 0x0000000083400000, 0x0000000083400000|100%| O|  |TAMS 0x0000000083400000, 0x0000000083300000| Complete 
|  52|0x0000000083400000, 0x0000000083500000, 0x0000000083500000|100%| O|  |TAMS 0x0000000083500000, 0x0000000083400000| Untracked 
|  53|0x0000000083500000, 0x0000000083600000, 0x0000000083600000|100%| O|  |TAMS 0x0000000083600000, 0x0000000083500000| Untracked 
|  54|0x0000000083600000, 0x0000000083700000, 0x0000000083700000|100%| O|  |TAMS 0x0000000083700000, 0x0000000083600000| Untracked 
|  55|0x0000000083700000, 0x0000000083800000, 0x0000000083800000|100%| O|  |TAMS 0x0000000083800000, 0x0000000083700000| Untracked 
|  56|0x0000000083800000, 0x0000000083900000, 0x0000000083900000|100%| O|  |TAMS 0x0000000083900000, 0x0000000083800000| Complete 
|  57|0x0000000083900000, 0x0000000083a00000, 0x0000000083a00000|100%| O|  |TAMS 0x0000000083a00000, 0x0000000083900000| Complete 
|  58|0x0000000083a00000, 0x0000000083b00000, 0x0000000083b00000|100%| O|  |TAMS 0x0000000083b00000, 0x0000000083a00000| Complete 
|  59|0x0000000083b00000, 0x0000000083c00000, 0x0000000083c00000|100%| O|  |TAMS 0x0000000083c00000, 0x0000000083b00000| Untracked 
|  60|0x0000000083c00000, 0x0000000083d00000, 0x0000000083d00000|100%| O|  |TAMS 0x0000000083d00000, 0x0000000083c00000| Untracked 
|  61|0x0000000083d00000, 0x0000000083e00000, 0x0000000083e00000|100%| O|  |TAMS 0x0000000083e00000, 0x0000000083d00000| Untracked 
|  62|0x0000000083e00000, 0x0000000083f00000, 0x0000000083f00000|100%| O|  |TAMS 0x0000000083f00000, 0x0000000083e00000| Complete 
|  63|0x0000000083f00000, 0x0000000084000000, 0x0000000084000000|100%| O|  |TAMS 0x0000000084000000, 0x0000000083f00000| Complete 
|  64|0x0000000084000000, 0x0000000084100000, 0x0000000084100000|100%| O|  |TAMS 0x0000000084100000, 0x0000000084000000| Complete 
|  65|0x0000000084100000, 0x0000000084200000, 0x0000000084200000|100%| O|  |TAMS 0x0000000084200000, 0x0000000084100000| Untracked 
|  66|0x0000000084200000, 0x0000000084300000, 0x0000000084300000|100%| O|  |TAMS 0x0000000084300000, 0x0000000084200000| Complete 
|  67|0x0000000084300000, 0x0000000084400000, 0x0000000084400000|100%| O|  |TAMS 0x0000000084400000, 0x0000000084300000| Untracked 
|  68|0x0000000084400000, 0x0000000084500000, 0x0000000084500000|100%| O|  |TAMS 0x0000000084500000, 0x0000000084400000| Complete 
|  69|0x0000000084500000, 0x0000000084600000, 0x0000000084600000|100%| O|  |TAMS 0x0000000084600000, 0x0000000084500000| Untracked 
|  70|0x0000000084600000, 0x0000000084700000, 0x0000000084700000|100%| O|  |TAMS 0x0000000084700000, 0x0000000084600000| Untracked 
|  71|0x0000000084700000, 0x0000000084800000, 0x0000000084800000|100%| O|  |TAMS 0x0000000084800000, 0x0000000084700000| Complete 
|  72|0x0000000084800000, 0x0000000084900000, 0x0000000084900000|100%| O|  |TAMS 0x0000000084900000, 0x0000000084800000| Untracked 
|  73|0x0000000084900000, 0x0000000084a00000, 0x0000000084a00000|100%| O|  |TAMS 0x0000000084a00000, 0x0000000084900000| Untracked 
|  74|0x0000000084a00000, 0x0000000084b00000, 0x0000000084b00000|100%| O|  |TAMS 0x0000000084b00000, 0x0000000084a00000| Complete 
|  75|0x0000000084b00000, 0x0000000084c00000, 0x0000000084c00000|100%| O|  |TAMS 0x0000000084c00000, 0x0000000084b00000| Complete 
|  76|0x0000000084c00000, 0x0000000084d00000, 0x0000000084d00000|100%| O|  |TAMS 0x0000000084d00000, 0x0000000084c00000| Untracked 
|  77|0x0000000084d00000, 0x0000000084e00000, 0x0000000084e00000|100%| O|  |TAMS 0x0000000084e00000, 0x0000000084d00000| Complete 
|  78|0x0000000084e00000, 0x0000000084f00000, 0x0000000084f00000|100%| O|  |TAMS 0x0000000084f00000, 0x0000000084e00000| Untracked 
|  79|0x0000000084f00000, 0x0000000085000000, 0x0000000085000000|100%| O|  |TAMS 0x0000000085000000, 0x0000000084f00000| Complete 
|  80|0x0000000085000000, 0x0000000085100000, 0x0000000085100000|100%| O|  |TAMS 0x0000000085100000, 0x0000000085000000| Untracked 
|  81|0x0000000085100000, 0x0000000085200000, 0x0000000085200000|100%| O|  |TAMS 0x0000000085200000, 0x0000000085100000| Untracked 
|  82|0x0000000085200000, 0x0000000085300000, 0x0000000085300000|100%| O|  |TAMS 0x0000000085300000, 0x0000000085200000| Untracked 
|  83|0x0000000085300000, 0x0000000085400000, 0x0000000085400000|100%| O|  |TAMS 0x0000000085400000, 0x0000000085300000| Untracked 
|  84|0x0000000085400000, 0x000000008546ce00, 0x0000000085500000| 42%| O|  |TAMS 0x000000008546ce00, 0x0000000085400000| Untracked 
|  85|0x0000000085500000, 0x0000000085600000, 0x0000000085600000|100%| O|  |TAMS 0x0000000085600000, 0x0000000085500000| Untracked 
|  86|0x0000000085600000, 0x0000000085700000, 0x0000000085700000|100%| O|  |TAMS 0x0000000085700000, 0x0000000085600000| Complete 
|  87|0x0000000085700000, 0x0000000085800000, 0x0000000085800000|100%| O|  |TAMS 0x0000000085800000, 0x0000000085700000| Untracked 
|  88|0x0000000085800000, 0x0000000085900000, 0x0000000085900000|100%| O|  |TAMS 0x0000000085900000, 0x0000000085800000| Untracked 
|  89|0x0000000085900000, 0x0000000085a00000, 0x0000000085a00000|100%|HS|  |TAMS 0x0000000085900000, 0x0000000085900000| Complete 
|  90|0x0000000085a00000, 0x0000000085b00000, 0x0000000085b00000|100%| O|  |TAMS 0x0000000085b00000, 0x0000000085a00000| Untracked 
|  91|0x0000000085b00000, 0x0000000085c00000, 0x0000000085c00000|100%|HS|  |TAMS 0x0000000085c00000, 0x0000000085b00000| Complete 
|  92|0x0000000085c00000, 0x0000000085d00000, 0x0000000085d00000|100%|HC|  |TAMS 0x0000000085d00000, 0x0000000085c00000| Complete 
|  93|0x0000000085d00000, 0x0000000085e00000, 0x0000000085e00000|100%|HC|  |TAMS 0x0000000085e00000, 0x0000000085d00000| Complete 
|  94|0x0000000085e00000, 0x0000000085f00000, 0x0000000085f00000|100%| O|  |TAMS 0x0000000085f00000, 0x0000000085e00000| Complete 
|  95|0x0000000085f00000, 0x0000000085f00000, 0x0000000086000000|  0%| F|  |TAMS 0x0000000085f00000, 0x0000000085f00000| Untracked 
|  96|0x0000000086000000, 0x0000000086100000, 0x0000000086100000|100%| O|  |TAMS 0x0000000086100000, 0x0000000086000000| Complete 
|  97|0x0000000086100000, 0x0000000086200000, 0x0000000086200000|100%| O|  |TAMS 0x0000000086200000, 0x0000000086100000| Complete 
|  98|0x0000000086200000, 0x0000000086300000, 0x0000000086300000|100%| O|  |TAMS 0x0000000086300000, 0x0000000086200000| Complete 
|  99|0x0000000086300000, 0x0000000086400000, 0x0000000086400000|100%| O|  |TAMS 0x0000000086400000, 0x0000000086300000| Untracked 
| 100|0x0000000086400000, 0x0000000086500000, 0x0000000086500000|100%| O|  |TAMS 0x0000000086500000, 0x0000000086400000| Untracked 
| 101|0x0000000086500000, 0x0000000086600000, 0x0000000086600000|100%| O|  |TAMS 0x0000000086600000, 0x0000000086500000| Untracked 
| 102|0x0000000086600000, 0x0000000086600000, 0x0000000086700000|  0%| F|  |TAMS 0x0000000086600000, 0x0000000086600000| Untracked 
| 103|0x0000000086700000, 0x0000000086800000, 0x0000000086800000|100%| O|  |TAMS 0x0000000086800000, 0x0000000086700000| Untracked 
| 104|0x0000000086800000, 0x0000000086900000, 0x0000000086900000|100%| O|  |TAMS 0x0000000086900000, 0x0000000086800000| Untracked 
| 105|0x0000000086900000, 0x0000000086a00000, 0x0000000086a00000|100%| O|  |TAMS 0x0000000086a00000, 0x0000000086900000| Untracked 
| 106|0x0000000086a00000, 0x0000000086b00000, 0x0000000086b00000|100%| O|  |TAMS 0x0000000086b00000, 0x0000000086a00000| Untracked 
| 107|0x0000000086b00000, 0x0000000086b00000, 0x0000000086c00000|  0%| F|  |TAMS 0x0000000086b00000, 0x0000000086b00000| Untracked 
| 108|0x0000000086c00000, 0x0000000086d00000, 0x0000000086d00000|100%| O|  |TAMS 0x0000000086d00000, 0x0000000086c00000| Untracked 
| 109|0x0000000086d00000, 0x0000000086e00000, 0x0000000086e00000|100%| O|  |TAMS 0x0000000086e00000, 0x0000000086d00000| Complete 
| 110|0x0000000086e00000, 0x0000000086f00000, 0x0000000086f00000|100%| O|  |TAMS 0x0000000086f00000, 0x0000000086e00000| Complete 
| 111|0x0000000086f00000, 0x0000000087000000, 0x0000000087000000|100%| O|  |TAMS 0x0000000087000000, 0x0000000086f00000| Complete 
| 112|0x0000000087000000, 0x0000000087100000, 0x0000000087100000|100%| O|  |TAMS 0x0000000087100000, 0x0000000087000000| Untracked 
| 113|0x0000000087100000, 0x0000000087200000, 0x0000000087200000|100%| O|  |TAMS 0x0000000087200000, 0x0000000087100000| Untracked 
| 114|0x0000000087200000, 0x0000000087300000, 0x0000000087300000|100%| O|  |TAMS 0x0000000087300000, 0x0000000087200000| Complete 
| 115|0x0000000087300000, 0x0000000087400000, 0x0000000087400000|100%| O|  |TAMS 0x0000000087400000, 0x0000000087300000| Untracked 
| 116|0x0000000087400000, 0x0000000087500000, 0x0000000087500000|100%| O|  |TAMS 0x0000000087500000, 0x0000000087400000| Untracked 
| 117|0x0000000087500000, 0x0000000087600000, 0x0000000087600000|100%| O|  |TAMS 0x0000000087600000, 0x0000000087500000| Untracked 
| 118|0x0000000087600000, 0x0000000087700000, 0x0000000087700000|100%| O|  |TAMS 0x0000000087700000, 0x0000000087600000| Untracked 
| 119|0x0000000087700000, 0x0000000087700000, 0x0000000087800000|  0%| F|  |TAMS 0x0000000087700000, 0x0000000087700000| Untracked 
| 120|0x0000000087800000, 0x0000000087900000, 0x0000000087900000|100%| O|  |TAMS 0x0000000087900000, 0x0000000087800000| Complete 
| 121|0x0000000087900000, 0x0000000087a00000, 0x0000000087a00000|100%| O|  |TAMS 0x0000000087a00000, 0x0000000087900000| Complete 
| 122|0x0000000087a00000, 0x0000000087b00000, 0x0000000087b00000|100%|HS|  |TAMS 0x0000000087a00000, 0x0000000087a00000| Complete 
| 123|0x0000000087b00000, 0x0000000087c00000, 0x0000000087c00000|100%|HC|  |TAMS 0x0000000087b00000, 0x0000000087b00000| Complete 
| 124|0x0000000087c00000, 0x0000000087d00000, 0x0000000087d00000|100%| O|  |TAMS 0x0000000087d00000, 0x0000000087c00000| Complete 
| 125|0x0000000087d00000, 0x0000000087e00000, 0x0000000087e00000|100%|HS|  |TAMS 0x0000000087d00000, 0x0000000087d00000| Complete 
| 126|0x0000000087e00000, 0x0000000087f00000, 0x0000000087f00000|100%|HC|  |TAMS 0x0000000087e00000, 0x0000000087e00000| Complete 
| 127|0x0000000087f00000, 0x0000000088000000, 0x0000000088000000|100%|HC|  |TAMS 0x0000000087f00000, 0x0000000087f00000| Complete 
| 128|0x0000000088000000, 0x0000000088100000, 0x0000000088100000|100%|HC|  |TAMS 0x0000000088000000, 0x0000000088000000| Complete 
| 129|0x0000000088100000, 0x0000000088100000, 0x0000000088200000|  0%| F|  |TAMS 0x0000000088100000, 0x0000000088100000| Untracked 
| 130|0x0000000088200000, 0x0000000088300000, 0x0000000088300000|100%| O|  |TAMS 0x0000000088300000, 0x0000000088200000| Complete 
| 131|0x0000000088300000, 0x0000000088300000, 0x0000000088400000|  0%| F|  |TAMS 0x0000000088300000, 0x0000000088300000| Untracked 
| 132|0x0000000088400000, 0x0000000088500000, 0x0000000088500000|100%| O|  |TAMS 0x0000000088500000, 0x0000000088400000| Untracked 
| 133|0x0000000088500000, 0x0000000088600000, 0x0000000088600000|100%| O|  |TAMS 0x0000000088600000, 0x0000000088500000| Untracked 
| 134|0x0000000088600000, 0x0000000088700000, 0x0000000088700000|100%| O|  |TAMS 0x0000000088700000, 0x0000000088600000| Complete 
| 135|0x0000000088700000, 0x0000000088800000, 0x0000000088800000|100%|HS|  |TAMS 0x0000000088700000, 0x0000000088700000| Complete 
| 136|0x0000000088800000, 0x0000000088900000, 0x0000000088900000|100%|HC|  |TAMS 0x0000000088800000, 0x0000000088800000| Complete 
| 137|0x0000000088900000, 0x0000000088a00000, 0x0000000088a00000|100%|HS|  |TAMS 0x0000000088900000, 0x0000000088900000| Complete 
| 138|0x0000000088a00000, 0x0000000088b00000, 0x0000000088b00000|100%|HC|  |TAMS 0x0000000088a00000, 0x0000000088a00000| Complete 
| 139|0x0000000088b00000, 0x0000000088c00000, 0x0000000088c00000|100%|HC|  |TAMS 0x0000000088b00000, 0x0000000088b00000| Complete 
| 140|0x0000000088c00000, 0x0000000088d00000, 0x0000000088d00000|100%|HS|  |TAMS 0x0000000088c00000, 0x0000000088c00000| Complete 
| 141|0x0000000088d00000, 0x0000000088e00000, 0x0000000088e00000|100%|HC|  |TAMS 0x0000000088d00000, 0x0000000088d00000| Complete 
| 142|0x0000000088e00000, 0x0000000088f00000, 0x0000000088f00000|100%|HC|  |TAMS 0x0000000088e00000, 0x0000000088e00000| Complete 
| 143|0x0000000088f00000, 0x0000000088f00000, 0x0000000089000000|  0%| F|  |TAMS 0x0000000088f00000, 0x0000000088f00000| Untracked 
| 144|0x0000000089000000, 0x0000000089000000, 0x0000000089100000|  0%| F|  |TAMS 0x0000000089000000, 0x0000000089000000| Untracked 
| 145|0x0000000089100000, 0x0000000089100000, 0x0000000089200000|  0%| F|  |TAMS 0x0000000089100000, 0x0000000089100000| Untracked 
| 146|0x0000000089200000, 0x0000000089200000, 0x0000000089300000|  0%| F|  |TAMS 0x0000000089200000, 0x0000000089200000| Untracked 
| 147|0x0000000089300000, 0x0000000089300000, 0x0000000089400000|  0%| F|  |TAMS 0x0000000089300000, 0x0000000089300000| Untracked 
| 148|0x0000000089400000, 0x0000000089400000, 0x0000000089500000|  0%| F|  |TAMS 0x0000000089400000, 0x0000000089400000| Untracked 
| 149|0x0000000089500000, 0x0000000089500000, 0x0000000089600000|  0%| F|  |TAMS 0x0000000089500000, 0x0000000089500000| Untracked 
| 150|0x0000000089600000, 0x0000000089600000, 0x0000000089700000|  0%| F|  |TAMS 0x0000000089600000, 0x0000000089600000| Untracked 
| 151|0x0000000089700000, 0x0000000089700000, 0x0000000089800000|  0%| F|  |TAMS 0x0000000089700000, 0x0000000089700000| Untracked 
| 152|0x0000000089800000, 0x0000000089800000, 0x0000000089900000|  0%| F|  |TAMS 0x0000000089800000, 0x0000000089800000| Untracked 
| 153|0x0000000089900000, 0x0000000089900000, 0x0000000089a00000|  0%| F|  |TAMS 0x0000000089900000, 0x0000000089900000| Untracked 
| 154|0x0000000089a00000, 0x0000000089a00000, 0x0000000089b00000|  0%| F|  |TAMS 0x0000000089a00000, 0x0000000089a00000| Untracked 
| 155|0x0000000089b00000, 0x0000000089b00000, 0x0000000089c00000|  0%| F|  |TAMS 0x0000000089b00000, 0x0000000089b00000| Untracked 
| 156|0x0000000089c00000, 0x0000000089c00000, 0x0000000089d00000|  0%| F|  |TAMS 0x0000000089c00000, 0x0000000089c00000| Untracked 
| 157|0x0000000089d00000, 0x0000000089d00000, 0x0000000089e00000|  0%| F|  |TAMS 0x0000000089d00000, 0x0000000089d00000| Untracked 
| 158|0x0000000089e00000, 0x0000000089e00000, 0x0000000089f00000|  0%| F|  |TAMS 0x0000000089e00000, 0x0000000089e00000| Untracked 
| 159|0x0000000089f00000, 0x0000000089f00000, 0x000000008a000000|  0%| F|  |TAMS 0x0000000089f00000, 0x0000000089f00000| Untracked 
| 160|0x000000008a000000, 0x000000008a000000, 0x000000008a100000|  0%| F|  |TAMS 0x000000008a000000, 0x000000008a000000| Untracked 
| 161|0x000000008a100000, 0x000000008a100000, 0x000000008a200000|  0%| F|  |TAMS 0x000000008a100000, 0x000000008a100000| Untracked 
| 162|0x000000008a200000, 0x000000008a200000, 0x000000008a300000|  0%| F|  |TAMS 0x000000008a200000, 0x000000008a200000| Untracked 
| 163|0x000000008a300000, 0x000000008a300000, 0x000000008a400000|  0%| F|  |TAMS 0x000000008a300000, 0x000000008a300000| Untracked 
| 164|0x000000008a400000, 0x000000008a400000, 0x000000008a500000|  0%| F|  |TAMS 0x000000008a400000, 0x000000008a400000| Untracked 
| 165|0x000000008a500000, 0x000000008a500000, 0x000000008a600000|  0%| F|  |TAMS 0x000000008a500000, 0x000000008a500000| Untracked 
| 166|0x000000008a600000, 0x000000008a600000, 0x000000008a700000|  0%| F|  |TAMS 0x000000008a600000, 0x000000008a600000| Untracked 
| 167|0x000000008a700000, 0x000000008a74ace0, 0x000000008a800000| 29%| E|  |TAMS 0x000000008a700000, 0x000000008a700000| Complete 
| 168|0x000000008a800000, 0x000000008a900000, 0x000000008a900000|100%| E|  |TAMS 0x000000008a800000, 0x000000008a800000| Complete 
| 169|0x000000008a900000, 0x000000008aa00000, 0x000000008aa00000|100%| E|CS|TAMS 0x000000008a900000, 0x000000008a900000| Complete 
| 170|0x000000008aa00000, 0x000000008ab00000, 0x000000008ab00000|100%| S|CS|TAMS 0x000000008aa00000, 0x000000008aa00000| Complete 
| 171|0x000000008ab00000, 0x000000008ac00000, 0x000000008ac00000|100%| S|CS|TAMS 0x000000008ab00000, 0x000000008ab00000| Complete 
| 172|0x000000008ac00000, 0x000000008ad00000, 0x000000008ad00000|100%| S|CS|TAMS 0x000000008ac00000, 0x000000008ac00000| Complete 
| 173|0x000000008ad00000, 0x000000008ae00000, 0x000000008ae00000|100%| S|CS|TAMS 0x000000008ad00000, 0x000000008ad00000| Complete 
| 174|0x000000008ae00000, 0x000000008af00000, 0x000000008af00000|100%| S|CS|TAMS 0x000000008ae00000, 0x000000008ae00000| Complete 
| 175|0x000000008af00000, 0x000000008b000000, 0x000000008b000000|100%| E|CS|TAMS 0x000000008af00000, 0x000000008af00000| Complete 
| 176|0x000000008b000000, 0x000000008b100000, 0x000000008b100000|100%| E|CS|TAMS 0x000000008b000000, 0x000000008b000000| Complete 
| 177|0x000000008b100000, 0x000000008b200000, 0x000000008b200000|100%| E|CS|TAMS 0x000000008b100000, 0x000000008b100000| Complete 
| 178|0x000000008b200000, 0x000000008b300000, 0x000000008b300000|100%| E|CS|TAMS 0x000000008b200000, 0x000000008b200000| Complete 
| 179|0x000000008b300000, 0x000000008b400000, 0x000000008b400000|100%| E|CS|TAMS 0x000000008b300000, 0x000000008b300000| Complete 
| 180|0x000000008b400000, 0x000000008b500000, 0x000000008b500000|100%| E|CS|TAMS 0x000000008b400000, 0x000000008b400000| Complete 
| 181|0x000000008b500000, 0x000000008b600000, 0x000000008b600000|100%| E|CS|TAMS 0x000000008b500000, 0x000000008b500000| Complete 
| 182|0x000000008b600000, 0x000000008b700000, 0x000000008b700000|100%| E|CS|TAMS 0x000000008b600000, 0x000000008b600000| Complete 
| 183|0x000000008b700000, 0x000000008b800000, 0x000000008b800000|100%| E|CS|TAMS 0x000000008b700000, 0x000000008b700000| Complete 
| 184|0x000000008b800000, 0x000000008b900000, 0x000000008b900000|100%| E|CS|TAMS 0x000000008b800000, 0x000000008b800000| Complete 
| 185|0x000000008b900000, 0x000000008ba00000, 0x000000008ba00000|100%| E|CS|TAMS 0x000000008b900000, 0x000000008b900000| Complete 
| 186|0x000000008ba00000, 0x000000008bb00000, 0x000000008bb00000|100%| E|CS|TAMS 0x000000008ba00000, 0x000000008ba00000| Complete 
| 187|0x000000008bb00000, 0x000000008bc00000, 0x000000008bc00000|100%| E|CS|TAMS 0x000000008bb00000, 0x000000008bb00000| Complete 
| 188|0x000000008bc00000, 0x000000008bd00000, 0x000000008bd00000|100%| E|CS|TAMS 0x000000008bc00000, 0x000000008bc00000| Complete 
| 189|0x000000008bd00000, 0x000000008be00000, 0x000000008be00000|100%| E|CS|TAMS 0x000000008bd00000, 0x000000008bd00000| Complete 

Card table byte_map: [0x0000024068960000,0x0000024068d60000] _byte_map_base: 0x0000024068560000

Marking Bits (Prev, Next): (CMBitMap*) 0x0000024053cb1118, (CMBitMap*) 0x0000024053cb1150
 Prev Bits: [0x0000024069160000, 0x000002406b160000)
 Next Bits: [0x000002406b160000, 0x000002406d160000)

Polling page: 0x0000024053d50000

Metaspace:

Usage:
  Non-class:    109.96 MB capacity,   107.95 MB ( 98%) used,     1.61 MB (  1%) free+waste,   406.25 KB ( <1%) overhead. 
      Class:     16.75 MB capacity,    15.47 MB ( 92%) used,     1.11 MB (  7%) free+waste,   177.06 KB (  1%) overhead. 
       Both:    126.71 MB capacity,   123.43 MB ( 97%) used,     2.71 MB (  2%) free+waste,   583.31 KB ( <1%) overhead. 

Virtual space:
  Non-class space:      110.00 MB reserved,     110.00 MB (100%) committed 
      Class space:        1.00 GB reserved,      16.88 MB (  2%) committed 
             Both:        1.11 GB reserved,     126.88 MB ( 11%) committed 

Chunk freelists:
   Non-Class:  0 bytes
       Class:  0 bytes
        Both:  0 bytes

MaxMetaspaceSize: 17179869184.00 GB
CompressedClassSpaceSize: 1.00 GB

CodeHeap 'non-profiled nmethods': size=120064Kb used=13986Kb max_used=13986Kb free=106078Kb
 bounds [0x00000240609f0000, 0x00000240617a0000, 0x0000024067f30000]
CodeHeap 'profiled nmethods': size=120000Kb used=45013Kb max_used=45013Kb free=74986Kb
 bounds [0x00000240594c0000, 0x000002405c0d0000, 0x00000240609f0000]
CodeHeap 'non-nmethods': size=5696Kb used=2368Kb max_used=2432Kb free=3327Kb
 bounds [0x0000024058f30000, 0x00000240591a0000, 0x00000240594c0000]
 total_blobs=20094 nmethods=19081 adapters=923
 compilation: enabled
              stopped_count=0, restarted_count=0
 full_count=0

Compilation events (20 events):
Event: 557.015 Thread 0x000002407a4a2800 nmethod 20744 0x0000024061794c90 code [0x0000024061794e20, 0x0000024061794e98]
Event: 557.025 Thread 0x000002407a4a2800 20745       4       com.google.common.reflect.TypeResolver::resolveType (74 bytes)
Event: 557.043 Thread 0x000002407003e000 20746       3       com.google.common.base.Strings::nullToEmpty (5 bytes)
Event: 557.044 Thread 0x000002407003e000 nmethod 20746 0x000002405c0b4190 code [0x000002405c0b4340, 0x000002405c0b44d8]
Event: 557.044 Thread 0x000002407003e000 20747       3       com.google.common.base.Platform::nullToEmpty (11 bytes)
Event: 557.044 Thread 0x000002407003e000 nmethod 20747 0x000002405c0b4590 code [0x000002405c0b4740, 0x000002405c0b4878]
Event: 557.044 Thread 0x000002407003e000 20748       3       com.android.ide.common.xml.XmlAttributeSortOrder$1::compare (13 bytes)
Event: 557.044 Thread 0x000002407003e000 nmethod 20748 0x000002405c0b4910 code [0x000002405c0b4ae0, 0x000002405c0b4e28]
Event: 557.045 Thread 0x000002407003e000 20749       3       com.android.ide.common.xml.XmlAttributeSortOrder::compareAttributes (52 bytes)
Event: 557.046 Thread 0x000002407003e000 nmethod 20749 0x000002405c0b4f10 code [0x000002405c0b5120, 0x000002405c0b55b8]
Event: 557.063 Thread 0x000002407003e000 20750       3       java.util.Random::<init> (53 bytes)
Event: 557.064 Thread 0x000002407003e000 nmethod 20750 0x000002405c0b5810 code [0x000002405c0b5a20, 0x000002405c0b60e8]
Event: 557.068 Thread 0x000002407003e000 20751       3       org.gradle.internal.operations.DefaultBuildOperationExecutor::getCurrentOperation (21 bytes)
Event: 557.068 Thread 0x000002407003e000 nmethod 20751 0x000002405c0b6310 code [0x000002405c0b6500, 0x000002405c0b6a78]
Event: 557.092 Thread 0x000002407003e000 20752       1       org.gradle.api.internal.artifacts.ivyservice.resolutionstrategy.DefaultResolutionStrategy::getConflictResolution (5 bytes)
Event: 557.092 Thread 0x000002407003e000 nmethod 20752 0x0000024061794f10 code [0x00000240617950c0, 0x0000024061795178]
Event: 557.092 Thread 0x000002407003e000 20753       3       com.google.common.collect.Iterables::filter (20 bytes)
Event: 557.093 Thread 0x000002407003e000 nmethod 20753 0x000002405c0b6c90 code [0x000002405c0b6ec0, 0x000002405c0b75b8]
Event: 557.093 Thread 0x000002407003e000 20754       3       com.google.common.collect.Iterables$4::<init> (15 bytes)
Event: 557.093 Thread 0x000002407003e000 nmethod 20754 0x000002405c0b7810 code [0x000002405c0b79e0, 0x000002405c0b7d78]

GC Heap History (20 events):
Event: 350.087 GC heap before
{Heap before GC invocations=63 (full 0):
 garbage-first heap   total 194560K, used 146785K [0x0000000080000000, 0x0000000100000000)
  region size 1024K, 30 young (30720K), 1 survivors (1024K)
 Metaspace       used 126031K, capacity 129372K, committed 129536K, reserved 1161216K
  class space    used 15846K, capacity 17133K, committed 17152K, reserved 1048576K
}
Event: 350.096 GC heap after
{Heap after GC invocations=64 (full 0):
 garbage-first heap   total 194560K, used 121583K [0x0000000080000000, 0x0000000100000000)
  region size 1024K, 4 young (4096K), 4 survivors (4096K)
 Metaspace       used 126031K, capacity 129372K, committed 129536K, reserved 1161216K
  class space    used 15846K, capacity 17133K, committed 17152K, reserved 1048576K
}
Event: 351.242 GC heap before
{Heap before GC invocations=65 (full 0):
 garbage-first heap   total 194560K, used 157423K [0x0000000080000000, 0x0000000100000000)
  region size 1024K, 35 young (35840K), 4 survivors (4096K)
 Metaspace       used 125913K, capacity 129209K, committed 129536K, reserved 1161216K
  class space    used 15824K, capacity 17093K, committed 17152K, reserved 1048576K
}
Event: 351.247 GC heap after
{Heap after GC invocations=66 (full 0):
 garbage-first heap   total 194560K, used 119073K [0x0000000080000000, 0x0000000100000000)
  region size 1024K, 1 young (1024K), 1 survivors (1024K)
 Metaspace       used 125913K, capacity 129209K, committed 129536K, reserved 1161216K
  class space    used 15824K, capacity 17093K, committed 17152K, reserved 1048576K
}
Event: 351.311 GC heap before
{Heap before GC invocations=66 (full 0):
 garbage-first heap   total 194560K, used 127265K [0x0000000080000000, 0x0000000100000000)
  region size 1024K, 9 young (9216K), 1 survivors (1024K)
 Metaspace       used 125914K, capacity 129209K, committed 129536K, reserved 1161216K
  class space    used 15824K, capacity 17093K, committed 17152K, reserved 1048576K
}
Event: 351.318 GC heap after
{Heap after GC invocations=67 (full 0):
 garbage-first heap   total 194560K, used 118247K [0x0000000080000000, 0x0000000100000000)
  region size 1024K, 1 young (1024K), 1 survivors (1024K)
 Metaspace       used 125914K, capacity 129209K, committed 129536K, reserved 1161216K
  class space    used 15824K, capacity 17093K, committed 17152K, reserved 1048576K
}
Event: 351.378 GC heap before
{Heap before GC invocations=67 (full 0):
 garbage-first heap   total 194560K, used 122343K [0x0000000080000000, 0x0000000100000000)
  region size 1024K, 6 young (6144K), 1 survivors (1024K)
 Metaspace       used 125915K, capacity 129209K, committed 129536K, reserved 1161216K
  class space    used 15824K, capacity 17093K, committed 17152K, reserved 1048576K
}
Event: 351.382 GC heap after
{Heap after GC invocations=68 (full 0):
 garbage-first heap   total 194560K, used 118551K [0x0000000080000000, 0x0000000100000000)
  region size 1024K, 1 young (1024K), 1 survivors (1024K)
 Metaspace       used 125915K, capacity 129209K, committed 129536K, reserved 1161216K
  class space    used 15824K, capacity 17093K, committed 17152K, reserved 1048576K
}
Event: 554.571 GC heap before
{Heap before GC invocations=69 (full 0):
 garbage-first heap   total 194560K, used 163607K [0x0000000080000000, 0x0000000100000000)
  region size 1024K, 35 young (35840K), 1 survivors (1024K)
 Metaspace       used 126083K, capacity 129425K, committed 129536K, reserved 1161216K
  class space    used 15832K, capacity 17136K, committed 17152K, reserved 1048576K
}
Event: 554.578 GC heap after
{Heap after GC invocations=70 (full 0):
 garbage-first heap   total 194560K, used 118740K [0x0000000080000000, 0x0000000100000000)
  region size 1024K, 3 young (3072K), 3 survivors (3072K)
 Metaspace       used 126083K, capacity 129425K, committed 129536K, reserved 1161216K
  class space    used 15832K, capacity 17136K, committed 17152K, reserved 1048576K
}
Event: 554.876 GC heap before
{Heap before GC invocations=70 (full 0):
 garbage-first heap   total 194560K, used 124884K [0x0000000080000000, 0x0000000100000000)
  region size 1024K, 9 young (9216K), 3 survivors (3072K)
 Metaspace       used 126131K, capacity 129492K, committed 129536K, reserved 1161216K
  class space    used 15833K, capacity 17137K, committed 17152K, reserved 1048576K
}
Event: 554.890 GC heap after
{Heap after GC invocations=71 (full 0):
 garbage-first heap   total 194560K, used 113240K [0x0000000080000000, 0x0000000100000000)
  region size 1024K, 2 young (2048K), 2 survivors (2048K)
 Metaspace       used 126131K, capacity 129492K, committed 129536K, reserved 1161216K
  class space    used 15833K, capacity 17137K, committed 17152K, reserved 1048576K
}
Event: 555.445 GC heap before
{Heap before GC invocations=71 (full 0):
 garbage-first heap   total 194560K, used 126552K [0x0000000080000000, 0x0000000100000000)
  region size 1024K, 16 young (16384K), 2 survivors (2048K)
 Metaspace       used 126224K, capacity 129634K, committed 129792K, reserved 1161216K
  class space    used 15835K, capacity 17139K, committed 17152K, reserved 1048576K
}
Event: 555.457 GC heap after
{Heap after GC invocations=72 (full 0):
 garbage-first heap   total 194560K, used 114919K [0x0000000080000000, 0x0000000100000000)
  region size 1024K, 3 young (3072K), 3 survivors (3072K)
 Metaspace       used 126224K, capacity 129634K, committed 129792K, reserved 1161216K
  class space    used 15835K, capacity 17139K, committed 17152K, reserved 1048576K
}
Event: 556.096 GC heap before
{Heap before GC invocations=73 (full 0):
 garbage-first heap   total 194560K, used 155879K [0x0000000080000000, 0x0000000100000000)
  region size 1024K, 42 young (43008K), 3 survivors (3072K)
 Metaspace       used 126274K, capacity 129641K, committed 129792K, reserved 1161216K
  class space    used 15838K, capacity 17141K, committed 17152K, reserved 1048576K
}
Event: 556.117 GC heap after
{Heap after GC invocations=74 (full 0):
 garbage-first heap   total 194560K, used 128617K [0x0000000080000000, 0x0000000100000000)
  region size 1024K, 6 young (6144K), 6 survivors (6144K)
 Metaspace       used 126274K, capacity 129641K, committed 129792K, reserved 1161216K
  class space    used 15838K, capacity 17141K, committed 17152K, reserved 1048576K
}
Event: 556.133 GC heap before
{Heap before GC invocations=74 (full 0):
 garbage-first heap   total 194560K, used 130665K [0x0000000080000000, 0x0000000100000000)
  region size 1024K, 9 young (9216K), 6 survivors (6144K)
 Metaspace       used 126274K, capacity 129641K, committed 129792K, reserved 1161216K
  class space    used 15838K, capacity 17141K, committed 17152K, reserved 1048576K
}
Event: 556.155 GC heap after
{Heap after GC invocations=75 (full 0):
 garbage-first heap   total 194560K, used 121991K [0x0000000080000000, 0x0000000100000000)
  region size 1024K, 1 young (1024K), 1 survivors (1024K)
 Metaspace       used 126274K, capacity 129641K, committed 129792K, reserved 1161216K
  class space    used 15838K, capacity 17141K, committed 17152K, reserved 1048576K
}
Event: 556.284 GC heap before
{Heap before GC invocations=75 (full 0):
 garbage-first heap   total 194560K, used 135303K [0x0000000080000000, 0x0000000100000000)
  region size 1024K, 15 young (15360K), 1 survivors (1024K)
 Metaspace       used 126289K, capacity 129705K, committed 129792K, reserved 1161216K
  class space    used 15838K, capacity 17141K, committed 17152K, reserved 1048576K
}
Event: 556.299 GC heap after
{Heap after GC invocations=76 (full 0):
 garbage-first heap   total 194560K, used 129459K [0x0000000080000000, 0x0000000100000000)
  region size 1024K, 5 young (5120K), 5 survivors (5120K)
 Metaspace       used 126289K, capacity 129705K, committed 129792K, reserved 1161216K
  class space    used 15838K, capacity 17141K, committed 17152K, reserved 1048576K
}

Deoptimization events (20 events):
Event: 556.088 Thread 0x000002407a495800 Uncommon trap: trap_request=0xffffff4d fr.pc=0x0000024061206660 relative=0x00000000000002c0
Event: 556.089 Thread 0x000002407a495800 Uncommon trap: reason=unstable_if action=reinterpret pc=0x0000024061206660 method=java.io.BufferedWriter.write(I)V @ 19 c2
Event: 556.089 Thread 0x000002407a495800 DEOPT PACKING pc=0x0000024061206660 sp=0x000000e7bd4f7c00
Event: 556.089 Thread 0x000002407a495800 DEOPT UNPACKING pc=0x0000024058f56ca9 sp=0x000000e7bd4f7ba8 mode 2
Event: 556.092 Thread 0x000002407a495800 Uncommon trap: trap_request=0xffffff4d fr.pc=0x0000024060f34294 relative=0x00000000000006b4
Event: 556.092 Thread 0x000002407a495800 Uncommon trap: reason=unstable_if action=reinterpret pc=0x0000024060f34294 method=java.lang.Integer.stringSize(I)I @ 3 c2
Event: 556.092 Thread 0x000002407a495800 DEOPT PACKING pc=0x0000024060f34294 sp=0x000000e7bd4f7ae0
Event: 556.092 Thread 0x000002407a495800 DEOPT UNPACKING pc=0x0000024058f56ca9 sp=0x000000e7bd4f7a40 mode 2
Event: 556.561 Thread 0x0000024077875000 DEOPT PACKING pc=0x000002405aaca61e sp=0x000000e7bf3f99a0
Event: 556.561 Thread 0x0000024077875000 DEOPT UNPACKING pc=0x0000024058f56abf sp=0x000000e7bf3f8ee0 mode 0
Event: 556.575 Thread 0x0000024077875000 DEOPT PACKING pc=0x000002405aaca61e sp=0x000000e7bf3f9970
Event: 556.575 Thread 0x0000024077875000 DEOPT UNPACKING pc=0x0000024058f56abf sp=0x000000e7bf3f8eb0 mode 0
Event: 556.619 Thread 0x0000024077875000 DEOPT PACKING pc=0x000002405aa9965c sp=0x000000e7bf3f99a0
Event: 556.619 Thread 0x0000024077875000 DEOPT UNPACKING pc=0x0000024058f56abf sp=0x000000e7bf3f8ee0 mode 0
Event: 556.784 Thread 0x0000024077875000 Uncommon trap: trap_request=0xffffffc6 fr.pc=0x00000240610a9368 relative=0x0000000000000128
Event: 556.784 Thread 0x0000024077875000 Uncommon trap: reason=bimorphic_or_optimized_type_check action=maybe_recompile pc=0x00000240610a9368 method=org.apache.xerces.dom.ElementImpl.getNodeName()Ljava/lang/String; @ 8 c2
Event: 556.784 Thread 0x0000024077875000 DEOPT PACKING pc=0x00000240610a9368 sp=0x000000e7bf3f9d20
Event: 556.784 Thread 0x0000024077875000 DEOPT UNPACKING pc=0x0000024058f56ca9 sp=0x000000e7bf3f9cd8 mode 2
Event: 556.811 Thread 0x0000024077875000 DEOPT PACKING pc=0x000002405ab3f021 sp=0x000000e7bf3fa130
Event: 556.811 Thread 0x0000024077875000 DEOPT UNPACKING pc=0x0000024058f56abf sp=0x000000e7bf3f94d8 mode 0

Classes redefined (0 events):
No events

Internal exceptions (20 events):
Event: 310.489 Thread 0x0000024072b68000 Exception <a 'sun/nio/fs/WindowsException'{0x000000008aa1d840}> (0x000000008aa1d840) thrown at [./src/hotspot/share/prims/jni.cpp, line 615]
Event: 315.442 Thread 0x000002407786f000 Exception <a 'java/lang/InterruptedException'{0x000000008b8e2e98}> (0x000000008b8e2e98) thrown at [./src/hotspot/share/runtime/objectMonitor.cpp, line 1635]
Event: 333.159 Thread 0x0000024071312000 Exception <a 'sun/nio/fs/WindowsException'{0x000000008aa5b7d0}> (0x000000008aa5b7d0) thrown at [./src/hotspot/share/prims/jni.cpp, line 615]
Event: 333.161 Thread 0x0000024071312000 Exception <a 'sun/nio/fs/WindowsException'{0x000000008aa5d900}> (0x000000008aa5d900) thrown at [./src/hotspot/share/prims/jni.cpp, line 615]
Event: 333.163 Thread 0x0000024071312000 Exception <a 'sun/nio/fs/WindowsException'{0x000000008aa5fb68}> (0x000000008aa5fb68) thrown at [./src/hotspot/share/prims/jni.cpp, line 615]
Event: 333.227 Thread 0x0000024071312000 Exception <a 'sun/nio/fs/WindowsException'{0x000000008aaf6a30}> (0x000000008aaf6a30) thrown at [./src/hotspot/share/prims/jni.cpp, line 615]
Event: 333.230 Thread 0x0000024071312000 Exception <a 'sun/nio/fs/WindowsException'{0x000000008aaf6ab0}> (0x000000008aaf6ab0) thrown at [./src/hotspot/share/prims/jni.cpp, line 615]
Event: 334.530 Thread 0x000002407a498800 Exception <a 'java/lang/InterruptedException'{0x0000000089d4d820}> (0x0000000089d4d820) thrown at [./src/hotspot/share/runtime/objectMonitor.cpp, line 1635]
Event: 349.007 Thread 0x0000024072b63000 Exception <a 'sun/nio/fs/WindowsException'{0x000000008bd58be8}> (0x000000008bd58be8) thrown at [./src/hotspot/share/prims/jni.cpp, line 615]
Event: 350.704 Thread 0x000002407a498000 Exception <a 'sun/nio/fs/WindowsException'{0x000000008bbcc370}> (0x000000008bbcc370) thrown at [./src/hotspot/share/prims/jni.cpp, line 615]
Event: 350.786 Thread 0x000002407a495800 Exception <a 'sun/nio/fs/WindowsException'{0x000000008b544500}> (0x000000008b544500) thrown at [./src/hotspot/share/prims/jni.cpp, line 615]
Event: 350.949 Thread 0x000002407a495800 Exception <a 'sun/nio/fs/WindowsException'{0x000000008a6a36e0}> (0x000000008a6a36e0) thrown at [./src/hotspot/share/prims/jni.cpp, line 615]
Event: 351.110 Thread 0x000002407a498000 Exception <a 'sun/nio/fs/WindowsException'{0x000000008a2cf7b8}> (0x000000008a2cf7b8) thrown at [./src/hotspot/share/prims/jni.cpp, line 615]
Event: 554.359 Thread 0x000002407a495800 Exception <a 'sun/nio/fs/WindowsException'{0x0000000089f0d9b0}> (0x0000000089f0d9b0) thrown at [./src/hotspot/share/prims/jni.cpp, line 615]
Event: 554.492 Thread 0x000002407a495800 Implicit null exception at 0x000002406162c361 to 0x000002406162c468
Event: 554.824 Thread 0x000002407a495800 Exception <a 'sun/nio/fs/WindowsException'{0x000000008b98a000}> (0x000000008b98a000) thrown at [./src/hotspot/share/prims/jni.cpp, line 615]
Event: 554.843 Thread 0x000002407a495800 Exception <a 'sun/nio/fs/WindowsException'{0x000000008b82e018}> (0x000000008b82e018) thrown at [./src/hotspot/share/prims/jni.cpp, line 615]
Event: 554.844 Thread 0x000002407a495800 Exception <a 'sun/nio/fs/WindowsException'{0x000000008b82f0f8}> (0x000000008b82f0f8) thrown at [./src/hotspot/share/prims/jni.cpp, line 615]
Event: 554.844 Thread 0x000002407a495800 Exception <a 'sun/nio/fs/WindowsException'{0x000000008b830228}> (0x000000008b830228) thrown at [./src/hotspot/share/prims/jni.cpp, line 615]
Event: 554.844 Thread 0x000002407a495800 Exception <a 'sun/nio/fs/WindowsException'{0x000000008b8315b8}> (0x000000008b8315b8) thrown at [./src/hotspot/share/prims/jni.cpp, line 615]

Events (20 events):
Event: 556.467 Executing VM operation: RevokeBias done
Event: 556.468 Executing VM operation: RevokeBias
Event: 556.468 Executing VM operation: RevokeBias done
Event: 556.468 Executing VM operation: RevokeBias
Event: 556.469 Executing VM operation: RevokeBias done
Event: 556.470 Executing VM operation: RevokeBias
Event: 556.471 Executing VM operation: RevokeBias done
Event: 556.471 Executing VM operation: RevokeBias
Event: 556.471 Executing VM operation: RevokeBias done
Event: 556.472 Executing VM operation: RevokeBias
Event: 556.472 Executing VM operation: RevokeBias done
Event: 556.627 Executing VM operation: CGC_Operation
Event: 556.661 Executing VM operation: CGC_Operation done
Event: 556.818 Executing VM operation: CGC_Operation
Event: 556.818 Executing VM operation: CGC_Operation done
Event: 557.025 Thread 0x000002407787d000 Thread added: 0x000002407787d000
Event: 557.028 Executing VM operation: RevokeBias
Event: 557.042 Executing VM operation: RevokeBias done
Event: 557.067 Executing VM operation: RevokeBias
Event: 557.067 Executing VM operation: RevokeBias done


Dynamic libraries:
0x00007ff6f8f20000 - 0x00007ff6f8f2a000 	C:\Users\Daoudou\AppData\Local\JetBrains\Toolbox\apps\AndroidStudio\ch-0\203.7935034\jre\bin\java.exe
0x00007ffd191b0000 - 0x00007ffd193a5000 	C:\WINDOWS\SYSTEM32\ntdll.dll
0x00007ffd17430000 - 0x00007ffd174ee000 	C:\WINDOWS\System32\KERNEL32.DLL
0x00007ffd16a70000 - 0x00007ffd16d38000 	C:\WINDOWS\System32\KERNELBASE.dll
0x00007ffd16970000 - 0x00007ffd16a70000 	C:\WINDOWS\System32\ucrtbase.dll
0x00007ffcf1cc0000 - 0x00007ffcf1cd9000 	C:\Users\Daoudou\AppData\Local\JetBrains\Toolbox\apps\AndroidStudio\ch-0\203.7935034\jre\bin\jli.dll
0x00007ffd18e20000 - 0x00007ffd18fc1000 	C:\WINDOWS\System32\USER32.dll
0x00007ffd171c0000 - 0x00007ffd171e2000 	C:\WINDOWS\System32\win32u.dll
0x00007ffd18b00000 - 0x00007ffd18b2b000 	C:\WINDOWS\System32\GDI32.dll
0x00007ffd16d40000 - 0x00007ffd16e4d000 	C:\WINDOWS\System32\gdi32full.dll
0x00007ffd17070000 - 0x00007ffd1710d000 	C:\WINDOWS\System32\msvcp_win.dll
0x00007ffcfeb20000 - 0x00007ffcfedba000 	C:\WINDOWS\WinSxS\amd64_microsoft.windows.common-controls_6595b64144ccf1df_6.0.19041.1110_none_60b5254171f9507e\COMCTL32.dll
0x00007ffd18570000 - 0x00007ffd1860e000 	C:\WINDOWS\System32\msvcrt.dll
0x00007ffcf0a00000 - 0x00007ffcf0a17000 	C:\Users\Daoudou\AppData\Local\JetBrains\Toolbox\apps\AndroidStudio\ch-0\203.7935034\jre\bin\VCRUNTIME140.dll
0x00007ffd18490000 - 0x00007ffd184c0000 	C:\WINDOWS\System32\IMM32.DLL
0x00007ffcecb30000 - 0x00007ffcecbcd000 	C:\Users\Daoudou\AppData\Local\JetBrains\Toolbox\apps\AndroidStudio\ch-0\203.7935034\jre\bin\msvcp140.dll
0x00007ffcca060000 - 0x00007ffccab2f000 	C:\Users\Daoudou\AppData\Local\JetBrains\Toolbox\apps\AndroidStudio\ch-0\203.7935034\jre\bin\server\jvm.dll
0x00007ffd171f0000 - 0x00007ffd1729e000 	C:\WINDOWS\System32\ADVAPI32.dll
0x00007ffd174f0000 - 0x00007ffd1758c000 	C:\WINDOWS\System32\sechost.dll
0x00007ffd17300000 - 0x00007ffd17425000 	C:\WINDOWS\System32\RPCRT4.dll
0x00007ffd18610000 - 0x00007ffd18618000 	C:\WINDOWS\System32\PSAPI.DLL
0x00007ffcfcf70000 - 0x00007ffcfcf97000 	C:\WINDOWS\SYSTEM32\WINMM.dll
0x00007ffd0ceb0000 - 0x00007ffd0ceba000 	C:\WINDOWS\SYSTEM32\VERSION.dll
0x00007ffd01840000 - 0x00007ffd01849000 	C:\WINDOWS\SYSTEM32\WSOCK32.dll
0x00007ffd19070000 - 0x00007ffd190db000 	C:\WINDOWS\System32\WS2_32.dll
0x00007ffd15170000 - 0x00007ffd15182000 	C:\WINDOWS\SYSTEM32\kernel.appcore.dll
0x00007ffd13180000 - 0x00007ffd13191000 	C:\Users\Daoudou\AppData\Local\JetBrains\Toolbox\apps\AndroidStudio\ch-0\203.7935034\jre\bin\verify.dll
0x00007ffd14e40000 - 0x00007ffd15024000 	C:\WINDOWS\SYSTEM32\DBGHELP.DLL
0x00007ffd05a60000 - 0x00007ffd05a8c000 	C:\WINDOWS\SYSTEM32\dbgcore.DLL
0x00007ffd16e80000 - 0x00007ffd16f02000 	C:\WINDOWS\System32\bcryptPrimitives.dll
0x00007ffd0f5c0000 - 0x00007ffd0f5e9000 	C:\Users\Daoudou\AppData\Local\JetBrains\Toolbox\apps\AndroidStudio\ch-0\203.7935034\jre\bin\java.dll
0x00007ffd13170000 - 0x00007ffd1317b000 	C:\Users\Daoudou\AppData\Local\JetBrains\Toolbox\apps\AndroidStudio\ch-0\203.7935034\jre\bin\jimage.dll
0x00007ffd0f5a0000 - 0x00007ffd0f5b8000 	C:\Users\Daoudou\AppData\Local\JetBrains\Toolbox\apps\AndroidStudio\ch-0\203.7935034\jre\bin\zip.dll
0x00007ffd17d30000 - 0x00007ffd18474000 	C:\WINDOWS\System32\SHELL32.dll
0x00007ffd145d0000 - 0x00007ffd14d65000 	C:\WINDOWS\SYSTEM32\windows.storage.dll
0x00007ffd176b0000 - 0x00007ffd17a05000 	C:\WINDOWS\System32\combase.dll
0x00007ffd16240000 - 0x00007ffd1626e000 	C:\WINDOWS\SYSTEM32\Wldp.dll
0x00007ffd175f0000 - 0x00007ffd1769d000 	C:\WINDOWS\System32\SHCORE.dll
0x00007ffd172a0000 - 0x00007ffd172f5000 	C:\WINDOWS\System32\shlwapi.dll
0x00007ffd16800000 - 0x00007ffd1681f000 	C:\WINDOWS\SYSTEM32\profapi.dll
0x00007ffd0f580000 - 0x00007ffd0f59a000 	C:\Users\Daoudou\AppData\Local\JetBrains\Toolbox\apps\AndroidStudio\ch-0\203.7935034\jre\bin\net.dll
0x00007ffd07800000 - 0x00007ffd0790c000 	C:\WINDOWS\SYSTEM32\WINHTTP.dll
0x00007ffd15fa0000 - 0x00007ffd1600a000 	C:\WINDOWS\system32\mswsock.dll
0x00007ffd0f560000 - 0x00007ffd0f574000 	C:\Users\Daoudou\AppData\Local\JetBrains\Toolbox\apps\AndroidStudio\ch-0\203.7935034\jre\bin\nio.dll
0x00007ffcf2680000 - 0x00007ffcf26a7000 	C:\Users\Daoudou\.gradle\native\8bec1ad78214c89d9ad589b4d07fe93259594b29d510b10fafb7a158f7737e5d\windows-amd64\native-platform.dll
0x00007ffceccf0000 - 0x00007ffcece2d000 	C:\Users\Daoudou\.gradle\native\53dbd7edfb1c66fb8903c78663c9afc45aea4f116125fa6feffd364cf09443e8\windows-amd64\native-platform-file-events.dll
0x00007ffd11380000 - 0x00007ffd1138a000 	C:\Users\Daoudou\AppData\Local\JetBrains\Toolbox\apps\AndroidStudio\ch-0\203.7935034\jre\bin\management.dll
0x00007ffd0fbe0000 - 0x00007ffd0fbec000 	C:\Users\Daoudou\AppData\Local\JetBrains\Toolbox\apps\AndroidStudio\ch-0\203.7935034\jre\bin\management_ext.dll
0x00007ffd161a0000 - 0x00007ffd161b8000 	C:\WINDOWS\SYSTEM32\CRYPTSP.dll
0x00007ffd15920000 - 0x00007ffd15954000 	C:\WINDOWS\system32\rsaenh.dll
0x00007ffd16e50000 - 0x00007ffd16e77000 	C:\WINDOWS\System32\bcrypt.dll
0x00007ffd167c0000 - 0x00007ffd167ee000 	C:\WINDOWS\SYSTEM32\USERENV.dll
0x00007ffd16190000 - 0x00007ffd1619c000 	C:\WINDOWS\SYSTEM32\CRYPTBASE.dll
0x00007ffd15c90000 - 0x00007ffd15ccb000 	C:\WINDOWS\SYSTEM32\IPHLPAPI.DLL
0x00007ffd176a0000 - 0x00007ffd176a8000 	C:\WINDOWS\System32\NSI.dll
0x00007ffd07a00000 - 0x00007ffd07a17000 	C:\WINDOWS\SYSTEM32\dhcpcsvc6.DLL
0x00007ffd07b80000 - 0x00007ffd07b9d000 	C:\WINDOWS\SYSTEM32\dhcpcsvc.DLL
0x00007ffd15cd0000 - 0x00007ffd15d9b000 	C:\WINDOWS\SYSTEM32\DNSAPI.dll
0x00007ffcefbc0000 - 0x00007ffcefbde000 	C:\Users\Daoudou\AppData\Local\Temp\native-platform5138796819555756991dir\native-platform.dll
0x00007ffd0f4b0000 - 0x00007ffd0f4b8000 	C:\Users\Daoudou\AppData\Local\JetBrains\Toolbox\apps\AndroidStudio\ch-0\203.7935034\jre\bin\rmi.dll
0x00007ffca6aa0000 - 0x00007ffca6ab7000 	C:\WINDOWS\system32\napinsp.dll
0x00007ffca6a80000 - 0x00007ffca6a9b000 	C:\WINDOWS\system32\pnrpnsp.dll
0x00007ffd10930000 - 0x00007ffd10945000 	C:\WINDOWS\system32\wshbth.dll
0x00007ffd111e0000 - 0x00007ffd111fd000 	C:\WINDOWS\system32\NLAapi.dll
0x00007ffca6a60000 - 0x00007ffca6a72000 	C:\WINDOWS\System32\winrnr.dll
0x00007ffd070a0000 - 0x00007ffd070aa000 	C:\Windows\System32\rasadhlp.dll
0x00007ffd07160000 - 0x00007ffd071df000 	C:\WINDOWS\System32\fwpuclnt.dll
0x00007ffd06010000 - 0x00007ffd06037000 	C:\Users\Daoudou\AppData\Local\JetBrains\Toolbox\apps\AndroidStudio\ch-0\203.7935034\jre\bin\sunec.dll

dbghelp: loaded successfully - version: 4.0.5 - missing functions: none
symbol engine: initialized successfully - sym options: 0x614 - pdb path: .;C:\Users\Daoudou\AppData\Local\JetBrains\Toolbox\apps\AndroidStudio\ch-0\203.7935034\jre\bin;C:\WINDOWS\SYSTEM32;C:\WINDOWS\WinSxS\amd64_microsoft.windows.common-controls_6595b64144ccf1df_6.0.19041.1110_none_60b5254171f9507e;C:\Users\Daoudou\AppData\Local\JetBrains\Toolbox\apps\AndroidStudio\ch-0\203.7935034\jre\bin\server;C:\Users\Daoudou\.gradle\native\8bec1ad78214c89d9ad589b4d07fe93259594b29d510b10fafb7a158f7737e5d\windows-amd64;C:\Users\Daoudou\.gradle\native\53dbd7edfb1c66fb8903c78663c9afc45aea4f116125fa6feffd364cf09443e8\windows-amd64;C:\Users\Daoudou\AppData\Local\Temp\native-platform5138796819555756991dir

VM Arguments:
jvm_args: --add-opens=java.base/java.util=ALL-UNNAMED --add-opens=java.base/java.lang=ALL-UNNAMED --add-opens=java.base/java.lang.invoke=ALL-UNNAMED --add-opens=java.base/java.util=ALL-UNNAMED --add-opens=java.prefs/java.util.prefs=ALL-UNNAMED --add-opens=java.prefs/java.util.prefs=ALL-UNNAMED --add-opens=java.base/java.nio.charset=ALL-UNNAMED --add-opens=java.base/java.net=ALL-UNNAMED --add-opens=java.base/java.util.concurrent.atomic=ALL-UNNAMED -Xmx2048m -Dfile.encoding=UTF-8 -Duser.country=FR -Duser.language=fr -Duser.variant 
java_command: org.gradle.launcher.daemon.bootstrap.GradleDaemon 7.0.2
java_class_path (initial): C:\Users\Daoudou\.gradle\wrapper\dists\gradle-7.0.2-bin\857tjihv64xamwrf0h14cai3r\gradle-7.0.2\lib\gradle-launcher-7.0.2.jar
Launcher Type: SUN_STANDARD

[Global flags]
     intx CICompilerCount                          = 3                                         {product} {ergonomic}
     uint ConcGCThreads                            = 1                                         {product} {ergonomic}
     uint G1ConcRefinementThreads                  = 4                                         {product} {ergonomic}
   size_t G1HeapRegionSize                         = 1048576                                   {product} {ergonomic}
    uintx GCDrainStackTargetSize                   = 64                                        {product} {ergonomic}
   size_t InitialHeapSize                          = 199229440                                 {product} {ergonomic}
   size_t MarkStackSize                            = 4194304                                   {product} {ergonomic}
   size_t MaxHeapSize                              = 2147483648                                {product} {command line}
   size_t MaxNewSize                               = 1287651328                                {product} {ergonomic}
   size_t MinHeapDeltaBytes                        = 1048576                                   {product} {ergonomic}
    uintx NonNMethodCodeHeapSize                   = 5830732                                {pd product} {ergonomic}
    uintx NonProfiledCodeHeapSize                  = 122913754                              {pd product} {ergonomic}
    uintx ProfiledCodeHeapSize                     = 122913754                              {pd product} {ergonomic}
    uintx ReservedCodeCacheSize                    = 251658240                              {pd product} {ergonomic}
     bool SegmentedCodeCache                       = true                                      {product} {ergonomic}
     bool UseCompressedClassPointers               = true                                 {lp64_product} {ergonomic}
     bool UseCompressedOops                        = true                                 {lp64_product} {ergonomic}
     bool UseG1GC                                  = true                                      {product} {ergonomic}
     bool UseLargePagesIndividualAllocation        = false                                  {pd product} {ergonomic}

Logging:
Log output configuration:
 #0: stdout all=warning uptime,level,tags
 #1: stderr all=off uptime,level,tags

Environment Variables:
JAVA_HOME=C:\Program Files\Amazon Corretto\jdk11.0.13_8
PATH=C:\Program Files\Amazon Corretto\jdk11.0.13_8\bin;C:\Program Files\dotnet\;C:\Program Files\Git\cmd;%OGRE_BIN_PATH%;%OSG_BIN_DIR%;C:\Users\Daoudou\AppData\Local\Microsoft\WindowsApps;C:\Users\Daoudou\AppData\Local\Programs\Microsoft VS Code\bin;C:\Users\Daoudou\.dotnet\tools;C:\Users\Daoudou\Desktop\Esimed\POO_Java\apache-ant-1.9.16-bin\apache-ant-1.9.16\bin;C:\Program Files\Java\jdk-17\bin;
USERNAME=Daoudou
OS=Windows_NT
PROCESSOR_IDENTIFIER=Intel64 Family 6 Model 122 Stepping 8, GenuineIntel



---------------  S Y S T E M  ---------------

OS: Windows 10 , 64 bit Build 19041 (10.0.19041.1466)
OS uptime: 9 days 13:31 hours

CPU:total 4 (initial active 4) (4 cores per cpu, 1 threads per core) family 6 model 122 stepping 8 microcode 0xc, cmov, cx8, fxsr, mmx, sse, sse2, sse3, ssse3, sse4.1, sse4.2, popcnt, aes, clmul, erms, 3dnowpref, tsc, tscinvbit, sha

Memory: 4k page, system-wide physical 12108M (2652M free)
TotalPageFile size 27065M (AvailPageFile size 15192M)
current process WorkingSet (physical memory assigned to process): 490M, peak: 529M
current process commit charge ("private bytes"): 558M, peak: 575M

vm_info: OpenJDK 64-Bit Server VM (11.0.10+0-b96-7249189) for windows-amd64 JRE (11.0.10+0-b96-7249189), built on Mar 31 2021 21:44:00 by "builder" with MS VC++ 14.0 (VS2015)

END.
